<?xml version="1.0" encoding="UTF-8"?>
<!-- Generated by org.testng.reporters.JUnitReportReporter -->
<testsuite hostname="MIIND51N15S2" failures="0" tests="1" name="actionClass.DragandDrop" time="7.155" errors="0" timestamp="2021-09-03T16:13:00 IST" skipped="0">
  <testcase classname="actionClass.DragandDrop" name="DranndDrop" time="7.155"/>
  <system-out/>
</testsuite> <!-- actionClass.DragandDrop -->
