<?xml version="1.0" encoding="UTF-8"?>
<!-- Generated by org.testng.reporters.JUnitReportReporter -->
<testsuite hostname="MIIND51N15S2" failures="0" tests="2" name="framePFMTest.IframeTest" time="9.151" errors="0" timestamp="2021-09-06T10:33:58 IST" skipped="0">
  <testcase classname="framePFMTest.IframeTest" name="switchFrame" time="3.148"/>
  <system-out/>
  <testcase classname="framePFMTest.IframeTest" name="switchDefault" time="6.003"/>
  <system-out/>
</testsuite> <!-- framePFMTest.IframeTest -->
